#
# There is insufficient memory for the Java Runtime Environment to continue.
# Native memory allocation (mmap) failed to map 130023424 bytes for Failed to commit area from 0x0000000084a00000 to 0x000000008c600000 of length 130023424.
# Possible reasons:
#   The system is out of physical RAM or swap space
#   The process is running with CompressedOops enabled, and the Java Heap may be blocking the growth of the native heap
# Possible solutions:
#   Reduce memory load on the system
#   Increase physical memory or swap space
#   Check if swap backing store is full
#   Decrease Java heap size (-Xmx/-Xms)
#   Decrease number of Java threads
#   Decrease Java thread stack sizes (-Xss)
#   Set larger code cache with -XX:ReservedCodeCacheSize=
# This output file may be truncated or incomplete.
#
#  Out of Memory Error (c:/BuildAgent/work/5ff2f6c26000d570/src/hotspot/os/windows/os_windows.cpp:3272), pid=21604, tid=17176
#
# JRE version:  (11.0.3+12) (build )
# Java VM: OpenJDK 64-Bit Server VM (11.0.3+12-b304.56, mixed mode, aot, sharing, tiered, compressed oops, g1 gc, windows-amd64)
# No core dump will be written. Minidumps are not enabled by default on client versions of Windows
#

---------------  S U M M A R Y ------------

Command Line: org.jetbrains.git4idea.http.GitAskPassApp Username for 'https://github.com': 

Host: Intel(R) Core(TM) i5-3320M CPU @ 2.60GHz, 4 cores, 7G,  Windows 10 , 64 bit Build 17134 (10.0.17134.753)
Time: Thu Oct  3 20:16:25 2019 ?rodkowoeuropejski czas letni elapsed time: 0 seconds (0d 0h 0m 0s)

---------------  T H R E A D  ---------------

Current thread (0x000001b5cbb71000):  JavaThread "Unknown thread" [_thread_in_vm, id=17176, stack(0x000000b4be100000,0x000000b4be200000)]

Stack: [0x000000b4be100000,0x000000b4be200000]
Native frames: (J=compiled Java code, j=interpreted, Vv=VM code, C=native code)
V  [jvm.dll+0x5da77a]
V  [jvm.dll+0x70b9c9]
V  [jvm.dll+0x70cee8]
V  [jvm.dll+0x70d5b3]
V  [jvm.dll+0x23ddc8]
V  [jvm.dll+0x5d7ef4]
V  [jvm.dll+0x5ccfc5]
V  [jvm.dll+0x2fa44b]
V  [jvm.dll+0x2fa3ba]
V  [jvm.dll+0x2fa292]
V  [jvm.dll+0x2ff156]
V  [jvm.dll+0x3474c3]
V  [jvm.dll+0x347bc6]
V  [jvm.dll+0x3475c3]
V  [jvm.dll+0x2d4f68]
V  [jvm.dll+0x2d6107]
V  [jvm.dll+0x6eabf7]
V  [jvm.dll+0x6ec38c]
V  [jvm.dll+0x354c29]
V  [jvm.dll+0x6d28ae]
V  [jvm.dll+0x3bd363]
V  [jvm.dll+0x3bf7a1]
C  [java.exe+0x3763]
C  [java.exe+0x17a0c]
C  [KERNEL32.DLL+0x14034]
C  [ntdll.dll+0x73691]


---------------  P R O C E S S  ---------------

Threads class SMR info:
_java_thread_list=0x000001b5ca206580, length=0, elements={
}

Java Threads: ( => current thread )

Other Threads:
  0x000001b5cbb88000 GCTaskThread "GC Thread#0" [stack: 0x000000b4be200000,0x000000b4be300000] [id=24192]
  0x000001b5cbbbb000 ConcurrentGCThread "G1 Main Marker" [stack: 0x000000b4be300000,0x000000b4be400000] [id=12524]
  0x000001b5cbbbc800 ConcurrentGCThread "G1 Conc#0" [stack: 0x000000b4be400000,0x000000b4be500000] [id=19884]

[error occurred during error reporting (printing all threads), id 0xc0000005, EXCEPTION_ACCESS_VIOLATION (0xc0000005) at pc=0x00007ffcb7e85507]

VM state:not at safepoint (not fully initialized)

VM Mutex/Monitor currently owned by a thread:  ([mutex/lock_event])
[0x000001b5cbb6ffd0] Heap_lock - owner thread: 0x000001b5cbb71000

Heap address: 0x0000000084a00000, size: 1974 MB, Compressed Oops mode: Non-zero based: 0x0000000084a00000
Narrow klass base: 0x0000000000000000, Narrow klass shift: 0

GC Heap History (0 events):
No events

Deoptimization events (0 events):
No events

Classes redefined (0 events):
No events

Internal exceptions (0 events):
No events

Events (0 events):
No events


Dynamic libraries:
0x00007ff72b440000 - 0x00007ff72b487000 	D:\Program Files\JetBrains\IntelliJ IDEA 2019.2.1\jbr\bin\java.exe
0x00007ffd01000000 - 0x00007ffd011e1000 	C:\WINDOWS\SYSTEM32\ntdll.dll
0x00007ffd00940000 - 0x00007ffd009f1000 	C:\WINDOWS\System32\KERNEL32.DLL
0x00007ffcfd4c0000 - 0x00007ffcfd733000 	C:\WINDOWS\System32\KERNELBASE.dll
0x00007ffd00bc0000 - 0x00007ffd00d50000 	C:\WINDOWS\System32\USER32.dll
0x00007ffcfd8e0000 - 0x00007ffcfd900000 	C:\WINDOWS\System32\win32u.dll
0x00007ffd00470000 - 0x00007ffd00498000 	C:\WINDOWS\System32\GDI32.dll
0x00007ffcfd740000 - 0x00007ffcfd8d1000 	C:\WINDOWS\System32\gdi32full.dll
0x00007ffcfd420000 - 0x00007ffcfd4bf000 	C:\WINDOWS\System32\msvcp_win.dll
0x00007ffcfe0f0000 - 0x00007ffcfe1e8000 	C:\WINDOWS\System32\ucrtbase.dll
0x00007ffcef760000 - 0x00007ffcef9c9000 	C:\WINDOWS\WinSxS\amd64_microsoft.windows.common-controls_6595b64144ccf1df_6.0.17134.950_none_fb3da4273069d3e0\COMCTL32.dll
0x00007ffd003d0000 - 0x00007ffd0046e000 	C:\WINDOWS\System32\msvcrt.dll
0x00007ffcfeb60000 - 0x00007ffcfee82000 	C:\WINDOWS\System32\combase.dll
0x00007ffd00e00000 - 0x00007ffd00f24000 	C:\WINDOWS\System32\RPCRT4.dll
0x00007ffcfe070000 - 0x00007ffcfe0e9000 	C:\WINDOWS\System32\bcryptPrimitives.dll
0x00007ffd00fa0000 - 0x00007ffd00fcd000 	C:\WINDOWS\System32\IMM32.DLL
0x00007ffcf6360000 - 0x00007ffcf6377000 	D:\Program Files\JetBrains\IntelliJ IDEA 2019.2.1\jbr\bin\vcruntime140.dll
0x00007ffcdf050000 - 0x00007ffcdf0ed000 	D:\Program Files\JetBrains\IntelliJ IDEA 2019.2.1\jbr\bin\msvcp140.dll
0x00007ffcb7ba0000 - 0x00007ffcb8657000 	D:\Program Files\JetBrains\IntelliJ IDEA 2019.2.1\jbr\bin\server\jvm.dll
0x00007ffd00d50000 - 0x00007ffd00df1000 	C:\WINDOWS\System32\ADVAPI32.dll
0x00007ffd00550000 - 0x00007ffd005ab000 	C:\WINDOWS\System32\sechost.dll
0x00007ffd003c0000 - 0x00007ffd003c8000 	C:\WINDOWS\System32\PSAPI.DLL
0x00007ffcec0d0000 - 0x00007ffcec0d9000 	C:\WINDOWS\SYSTEM32\WSOCK32.dll
0x00007ffceda60000 - 0x00007ffceda6a000 	C:\WINDOWS\SYSTEM32\VERSION.dll
0x00007ffd007b0000 - 0x00007ffd0081c000 	C:\WINDOWS\System32\WS2_32.dll
0x00007ffcf8440000 - 0x00007ffcf8463000 	C:\WINDOWS\SYSTEM32\WINMM.dll
0x00007ffcf8390000 - 0x00007ffcf83ba000 	C:\WINDOWS\SYSTEM32\WINMMBASE.dll
0x00007ffcfd3d0000 - 0x00007ffcfd419000 	C:\WINDOWS\System32\cfgmgr32.dll
0x00007ffcfd340000 - 0x00007ffcfd351000 	C:\WINDOWS\System32\kernel.appcore.dll
0x00007ffcf8750000 - 0x00007ffcf8761000 	D:\Program Files\JetBrains\IntelliJ IDEA 2019.2.1\jbr\bin\verify.dll
0x00007ffcecc60000 - 0x00007ffcece29000 	C:\WINDOWS\SYSTEM32\DBGHELP.DLL
0x00007ffcecc30000 - 0x00007ffcecc59000 	C:\WINDOWS\SYSTEM32\dbgcore.DLL
0x00007ffce6b80000 - 0x00007ffce6ba9000 	D:\Program Files\JetBrains\IntelliJ IDEA 2019.2.1\jbr\bin\java.dll
0x00007ffcf7bf0000 - 0x00007ffcf7c07000 	D:\Program Files\JetBrains\IntelliJ IDEA 2019.2.1\jbr\bin\zip.dll
0x00007ffcf8740000 - 0x00007ffcf874b000 	D:\Program Files\JetBrains\IntelliJ IDEA 2019.2.1\jbr\bin\jimage.dll

dbghelp: loaded successfully - version: 4.0.5 - missing functions: none
symbol engine: initialized successfully - sym options: 0x614 - pdb path: .;D:\Program Files\JetBrains\IntelliJ IDEA 2019.2.1\jbr\bin;C:\WINDOWS\SYSTEM32;C:\WINDOWS\WinSxS\amd64_microsoft.windows.common-controls_6595b64144ccf1df_6.0.17134.950_none_fb3da4273069d3e0;D:\Program Files\JetBrains\IntelliJ IDEA 2019.2.1\jbr\bin\server

VM Arguments:
java_command: org.jetbrains.git4idea.http.GitAskPassApp Username for 'https://github.com': 
java_class_path (initial): D:/Program Files/JetBrains/IntelliJ IDEA 2019.2.1/plugins/git4idea/lib/git4idea-rt.jar;D:/Program Files/JetBrains/IntelliJ IDEA 2019.2.1/lib/xmlrpc-2.0.1.jar;D:/Program Files/JetBrains/IntelliJ IDEA 2019.2.1/lib/commons-codec-1.13.jar;D:/Program Files/JetBrains/IntelliJ IDEA 2019.2.1/lib/util.jar
Launcher Type: SUN_STANDARD

[Global flags]
     intx CICompilerCount                          = 3                                         {product} {ergonomic}
     uint ConcGCThreads                            = 1                                         {product} {ergonomic}
     uint G1ConcRefinementThreads                  = 4                                         {product} {ergonomic}
   size_t G1HeapRegionSize                         = 1048576                                   {product} {ergonomic}
    uintx GCDrainStackTargetSize                   = 64                                        {product} {ergonomic}
   size_t InitialHeapSize                          = 130023424                                 {product} {ergonomic}
   size_t MarkStackSize                            = 4194304                                   {product} {ergonomic}
   size_t MaxHeapSize                              = 2069889024                                {product} {ergonomic}
   size_t MinHeapDeltaBytes                        = 1048576                                   {product} {ergonomic}
    uintx NonNMethodCodeHeapSize                   = 5830092                                {pd product} {ergonomic}
    uintx NonProfiledCodeHeapSize                  = 122914074                              {pd product} {ergonomic}
    uintx ProfiledCodeHeapSize                     = 122914074                              {pd product} {ergonomic}
    uintx ReservedCodeCacheSize                    = 251658240                              {pd product} {ergonomic}
     bool SegmentedCodeCache                       = true                                      {product} {ergonomic}
     bool UseCompressedClassPointers               = true                                 {lp64_product} {ergonomic}
     bool UseCompressedOops                        = true                                 {lp64_product} {ergonomic}
     bool UseG1GC                                  = true                                      {product} {ergonomic}
     bool UseLargePagesIndividualAllocation        = false                                  {pd product} {ergonomic}

Logging:
Log output configuration:
 #0: stdout all=warning uptime,level,tags
 #1: stderr all=off uptime,level,tags

Environment Variables:
JAVA_HOME=C:\Program Files\Java\jdk-11.0.4\bin
PATH=C:\Program Files\Git\mingw64\libexec\git-core;C:\Program Files\Git\mingw64\libexec\git-core;C:\Program Files\Git\mingw64\bin;C:\Program Files\Git\usr\bin;C:\Users\cj\bin;C:\Program Files\Java\jdk-11.0.4\bin;C:\Program Files (x86)\Common Files\Oracle\Java\javapath;C:\ProgramData\Oracle\Java\javapath;C:\WINDOWS\system32;C:\WINDOWS;C:\WINDOWS\System32\Wbem;C:\WINDOWS\System32\WindowsPowerShell\v1.0;C:\Program Files\Git\cmd;C:\Program Files\Java\jdk-11.0.4\bin;C:\WINDOWS\System32\OpenSSH;D:\Program Files (x86)\AOMEI Backupper;C:\Program Files\MySQL\MySQL Utilities 1.6;C:\Program Files\nodejs;C:\Users\cj\AppData\Local\Microsoft\WindowsApps;C:\Users\cj\AppData\Local\GitHubDesktop\bin;D:\Program Files\JetBrains\IntelliJ IDEA 2019.2.1\bin;D:\Program Files\JetBrains\CLion 2019.2.1\bin;C:\Users\cj\AppData\Local\Programs\Microsoft VS Code\bin;C:\Users\cj\AppData\Roaming\npm
USERNAME=cj
DISPLAY=:0.0
OS=Windows_NT
PROCESSOR_IDENTIFIER=Intel64 Family 6 Model 58 Stepping 9, GenuineIntel



---------------  S Y S T E M  ---------------

OS: Windows 10 , 64 bit Build 17134 (10.0.17134.753)

CPU:total 4 (initial active 4) (2 cores per cpu, 2 threads per core) family 6 model 58 stepping 9, cmov, cx8, fxsr, mmx, sse, sse2, sse3, ssse3, sse4.1, sse4.2, popcnt, avx, aes, clmul, erms, ht, tsc, tscinvbit, tscinv

Memory: 4k page, system-wide physical 7889M (536M free)
TotalPageFile size 15889M (AvailPageFile size 82M)
current process WorkingSet (physical memory assigned to process): 9M, peak: 9M
current process commit charge ("private bytes"): 51M, peak: 175M

vm_info: OpenJDK 64-Bit Server VM (11.0.3+12-b304.56) for windows-amd64 JRE (11.0.3+12-b304.56), built on Sep  3 2019 10:54:25 by "" with MS VC++ 14.0 (VS2015)

END.
